[2026-01-13T13:28:06.068Z] Server running on http://localhost:5001
[2026-01-13T13:28:27.510Z] Received request: CF=, CC=tourist, LC=
[2026-01-13T13:28:27.511Z] Fetching CodeChef data for: tourist
[2026-01-13T13:28:27.512Z] Spawning python cc_scraper.py for tourist
[2026-01-13T13:28:32.436Z] Python process exited with code 0
[2026-01-13T13:28:32.436Z] Python Output Preview: {
  "status": "success",
  "handle": "tourist",
  "rating": 3355,
  "maxRating": 3445,
  "stars...
[2026-01-13T13:28:32.437Z] Successfully parsed JSON
[2026-01-13T13:28:32.438Z] Sending response to frontend
[2026-01-13T13:29:29.518Z] Received request: CF=shubhamjee, CC=tourist, LC=
[2026-01-13T13:29:29.518Z] Fetching Codeforces data for: shubhamjee
[2026-01-13T13:29:31.000Z] Fetching CodeChef data for: tourist
[2026-01-13T13:29:31.000Z] Spawning python cc_scraper.py for tourist
[2026-01-13T13:29:33.668Z] Python process exited with code 0
[2026-01-13T13:29:33.668Z] Python Output Preview: {
  "status": "success",
  "handle": "tourist",
  "rating": 3355,
  "maxRating": 3445,
  "stars...
[2026-01-13T13:29:33.669Z] Successfully parsed JSON
[2026-01-13T13:29:33.669Z] Sending response to frontend
[2026-01-13T13:29:56.950Z] Received request: CF=shubhamjee, CC=shubhamjee, LC=
[2026-01-13T13:29:56.951Z] Fetching Codeforces data for: shubhamjee
[2026-01-13T13:29:58.310Z] Fetching CodeChef data for: shubhamjee
[2026-01-13T13:29:58.313Z] Spawning python cc_scraper.py for shubhamjee
[2026-01-13T13:30:00.365Z] Python process exited with code 0
[2026-01-13T13:30:00.366Z] Python Output Preview: {
  "status": "success",
  "handle": "shubhamjee",
  "rating": 1781,
  "maxRating": 1810,
  "st...
[2026-01-13T13:30:00.366Z] Successfully parsed JSON
[2026-01-13T13:30:00.367Z] Sending response to frontend
[2026-01-13T13:45:35.539Z] Received request: CF=, CC=codef, LC=
[2026-01-13T13:45:35.539Z] Fetching CodeChef data for: codef
[2026-01-13T13:45:35.539Z] Spawning python cc_scraper.py for codef
[2026-01-13T13:45:37.544Z] Python process exited with code 0
[2026-01-13T13:45:37.544Z] Python Output Preview: {
  "status": "error",
  "message": "User not found or no rating"
}
...
[2026-01-13T13:45:37.545Z] Successfully parsed JSON
[2026-01-13T13:45:37.545Z] Sending response to frontend
[2026-01-13T13:46:32.553Z] Received request: CF=, CC=, LC=Shubham_Jee_Shrivastava
[2026-01-13T13:46:32.553Z] Sending response to frontend
[2026-01-13T13:46:42.016Z] Received request: CF=, CC=shubhamjee, LC=Shubham_Jee_Shrivastava
[2026-01-13T13:46:42.016Z] Fetching CodeChef data for: shubhamjee
[2026-01-13T13:46:42.016Z] Spawning python cc_scraper.py for shubhamjee
[2026-01-13T13:46:43.934Z] Python process exited with code 0
[2026-01-13T13:46:43.934Z] Python Output Preview: {
  "status": "success",
  "handle": "shubhamjee",
  "rating": 1781,
  "maxRating": 1810,
  "st...
[2026-01-13T13:46:43.935Z] Successfully parsed JSON
[2026-01-13T13:46:43.935Z] Sending response to frontend
[2026-01-13T13:46:56.665Z] Received request: CF=shubhamjee, CC=shubhamjee, LC=Shubham_Jee_Shrivastava
[2026-01-13T13:46:56.665Z] Fetching Codeforces data for: shubhamjee
[2026-01-13T13:46:58.103Z] Fetching CodeChef data for: shubhamjee
[2026-01-13T13:46:58.104Z] Spawning python cc_scraper.py for shubhamjee
[2026-01-13T13:46:59.989Z] Python process exited with code 0
[2026-01-13T13:46:59.989Z] Python Output Preview: {
  "status": "success",
  "handle": "shubhamjee",
  "rating": 1781,
  "maxRating": 1810,
  "st...
[2026-01-13T13:46:59.990Z] Successfully parsed JSON
[2026-01-13T13:46:59.990Z] Sending response to frontend
[2026-01-13T14:33:49.499Z] Received request: CF=, CC=, LC=Shubham_Jee_Shrivastava
[2026-01-13T14:33:49.499Z] Sending response to frontend
[2026-01-13T14:34:15.431Z] Received request: CF=shubhamjee, CC=, LC=Shubham_Jee_Shrivastava
[2026-01-13T14:34:15.431Z] Fetching Codeforces data for: shubhamjee
[2026-01-13T14:34:16.653Z] Sending response to frontend
[2026-01-13T14:34:20.248Z] Received request: CF=shubhamjee, CC=shubhamjee, LC=Shubham_Jee_Shrivastava
[2026-01-13T14:34:20.248Z] Fetching Codeforces data for: shubhamjee
[2026-01-13T14:34:21.082Z] Fetching CodeChef data for: shubhamjee
[2026-01-13T14:34:21.083Z] Spawning python cc_scraper.py for shubhamjee
[2026-01-13T14:34:23.336Z] Python process exited with code 0
[2026-01-13T14:34:23.337Z] Python Output Preview: {
  "status": "success",
  "handle": "shubhamjee",
  "rating": 1781,
  "maxRating": 1810,
  "st...
[2026-01-13T14:34:23.337Z] Successfully parsed JSON
[2026-01-13T14:34:23.337Z] Sending response to frontend
[2026-01-13T14:34:27.549Z] Received request: CF=shubhamjee, CC=shubhamjee, LC=Shubham_Jee_Shrivastava
[2026-01-13T14:34:27.549Z] Fetching Codeforces data for: shubhamjee
[2026-01-13T14:34:28.658Z] Fetching CodeChef data for: shubhamjee
[2026-01-13T14:34:28.659Z] Spawning python cc_scraper.py for shubhamjee
[2026-01-13T14:34:30.424Z] Python process exited with code 0
[2026-01-13T14:34:30.424Z] Python Output Preview: {
  "status": "success",
  "handle": "shubhamjee",
  "rating": 1781,
  "maxRating": 1810,
  "st...
[2026-01-13T14:34:30.424Z] Successfully parsed JSON
[2026-01-13T14:34:30.425Z] Sending response to frontend
[2026-01-13T16:32:58.242Z] Received request: CF=, CC=, LC=Shubham_Jee_Shrivastava
[2026-01-13T16:32:58.242Z] Sending response to frontend
[2026-01-13T16:34:00.463Z] Server running on http://localhost:5001
[2026-01-13T16:34:43.969Z] Received request: CF=undefined, CC=undefined, LC=neal_wu
[2026-01-13T16:34:43.970Z] Sending response to frontend
[2026-01-13T16:42:21.929Z] Server running on http://localhost:5001
[2026-01-13T16:44:34.644Z] Server running on http://localhost:5001
[2026-01-13T16:46:41.667Z] Server running on http://localhost:5001
[2026-01-13T16:47:07.849Z] Server running on http://localhost:5001
[2026-01-13T16:47:16.718Z] Received request: CF=undefined, CC=undefined, LC=neal_wu
[2026-01-13T16:47:16.719Z] Fetching LeetCode data for: neal_wu
[2026-01-13T16:47:17.756Z] Sending response to frontend
[2026-01-13T16:48:45.902Z] Received request: CF=, CC=, LC=Shubham_Jee_Shrivastava
[2026-01-13T16:48:45.903Z] Fetching LeetCode data for: Shubham_Jee_Shrivastava
[2026-01-13T16:48:46.403Z] Sending response to frontend
[2026-01-13T16:51:49.604Z] Received request: CF=, CC=, LC=Shubham_Jee_Shrivastava
[2026-01-13T16:51:49.605Z] Fetching LeetCode data for: Shubham_Jee_Shrivastava
[2026-01-13T16:51:50.370Z] Sending response to frontend
[2026-01-13T16:51:51.244Z] Received request: CF=, CC=, LC=Shubham_Jee_Shrivastava
[2026-01-13T16:51:51.244Z] Fetching LeetCode data for: Shubham_Jee_Shrivastava
[2026-01-13T16:51:51.621Z] Sending response to frontend
[2026-01-13T16:52:47.907Z] Received request: CF=, CC=, LC=neal_wu
[2026-01-13T16:52:47.907Z] Fetching LeetCode data for: neal_wu
[2026-01-13T16:52:48.474Z] Sending response to frontend
[2026-01-13T16:52:49.971Z] Received request: CF=, CC=, LC=neal_wu
[2026-01-13T16:52:49.971Z] Fetching LeetCode data for: neal_wu
[2026-01-13T16:52:50.389Z] Sending response to frontend
[2026-01-13T16:52:51.028Z] Received request: CF=, CC=, LC=neal_wu
[2026-01-13T16:52:51.028Z] Fetching LeetCode data for: neal_wu
[2026-01-13T16:52:51.654Z] Sending response to frontend
[2026-01-13T16:52:56.240Z] Received request: CF=, CC=, LC=neal_wu
[2026-01-13T16:52:56.240Z] Fetching LeetCode data for: neal_wu
[2026-01-13T16:52:56.611Z] Sending response to frontend
[2026-01-13T16:53:47.967Z] Server running on http://localhost:5001
[2026-01-13T16:53:50.917Z] Received request: CF=undefined, CC=undefined, LC=Shubham_Jee_Shrivastava
[2026-01-13T16:53:50.917Z] Fetching LeetCode data for: Shubham_Jee_Shrivastava
[2026-01-13T16:53:51.734Z] Sending response to frontend
[2026-01-13T17:01:45.390Z] Received request: CF=, CC=, LC=neal_wu
[2026-01-13T17:01:45.390Z] Fetching LeetCode data for: neal_wu
[2026-01-13T17:01:46.116Z] Sending response to frontend
[2026-01-13T17:02:06.717Z] Received request: CF=, CC=, LC=Shubham_Jee_Shrivastava
[2026-01-13T17:02:06.718Z] Fetching LeetCode data for: Shubham_Jee_Shrivastava
[2026-01-13T17:02:07.212Z] Sending response to frontend
[2026-01-13T17:02:23.449Z] Received request: CF=shubhamjee, CC=shubhamjee, LC=Shubham_Jee_Shrivastava
[2026-01-13T17:02:23.450Z] Fetching Codeforces data for: shubhamjee
[2026-01-13T17:02:25.037Z] Fetching CodeChef data for: shubhamjee
[2026-01-13T17:02:25.038Z] Spawning python cc_scraper.py for shubhamjee
[2026-01-13T17:02:28.753Z] Python process exited with code 0
[2026-01-13T17:02:28.753Z] Python Output Preview: {
  "status": "success",
  "handle": "shubhamjee",
  "rating": 1781,
  "maxRating": 1810,
  "st...
[2026-01-13T17:02:28.754Z] Successfully parsed JSON
[2026-01-13T17:02:28.754Z] Fetching LeetCode data for: Shubham_Jee_Shrivastava
[2026-01-13T17:02:29.892Z] Sending response to frontend
[2026-01-13T17:32:41.146Z] Server running on http://localhost:5001
[2026-01-13T17:33:21.104Z] Received request: CF=, CC=, LC=neal_wu
[2026-01-13T17:33:21.105Z] Fetching LeetCode data for: neal_wu
[2026-01-13T17:33:21.838Z] Sending response to frontend
[2026-01-13T17:33:40.285Z] Received request: CF=neal_wu, CC=, LC=neal_wu
[2026-01-13T17:33:40.285Z] Fetching Codeforces data for: neal_wu
[2026-01-13T17:33:41.107Z] Fetching LeetCode data for: neal_wu
[2026-01-13T17:33:42.143Z] Sending response to frontend
[2026-01-13T17:33:43.997Z] Received request: CF=neal_wu, CC=, LC=neal_wu
[2026-01-13T17:33:43.998Z] Fetching Codeforces data for: neal_wu
[2026-01-13T17:33:45.363Z] Fetching LeetCode data for: neal_wu
[2026-01-13T17:33:46.372Z] Sending response to frontend
[2026-01-13T17:33:52.038Z] Received request: CF=neal_wu, CC=, LC=
[2026-01-13T17:33:52.039Z] Fetching Codeforces data for: neal_wu
[2026-01-13T17:33:52.662Z] Sending response to frontend
[2026-01-13T17:34:00.129Z] Received request: CF=neal_wu, CC=, LC=neal_wu
[2026-01-13T17:34:00.130Z] Fetching Codeforces data for: neal_wu
[2026-01-13T17:34:01.211Z] Fetching LeetCode data for: neal_wu
[2026-01-13T17:34:02.216Z] Sending response to frontend
[2026-01-13T17:51:14.146Z] Received request: CF=, CC=, LC=neal_wu
[2026-01-13T17:51:14.147Z] Fetching LeetCode data for: neal_wu
[2026-01-13T17:51:15.157Z] Sending response to frontend
[2026-01-13T17:57:41.864Z] Received request: CF=shubhamjee, CC=, LC=
[2026-01-13T17:57:41.865Z] Fetching Codeforces data for: shubhamjee
[2026-01-13T17:57:43.883Z] Sending response to frontend
[2026-01-13T17:57:53.122Z] Received request: CF=shubhamjee, CC=, LC=neal_wu
[2026-01-13T17:57:53.122Z] Fetching Codeforces data for: shubhamjee
[2026-01-13T17:57:55.030Z] Fetching LeetCode data for: neal_wu
[2026-01-13T17:57:55.613Z] Sending response to frontend
[2026-01-13T17:58:14.844Z] Received request: CF=, CC=, LC=neal_wu
[2026-01-13T17:58:14.844Z] Fetching LeetCode data for: neal_wu
[2026-01-13T17:58:15.605Z] Sending response to frontend
[2026-01-13T17:59:47.058Z] Received request: CF=, CC=, LC=neal_wu
[2026-01-13T17:59:47.058Z] Fetching LeetCode data for: neal_wu
[2026-01-13T17:59:47.574Z] Sending response to frontend
[2026-01-13T17:59:48.003Z] Received request: CF=, CC=, LC=neal_wu
[2026-01-13T17:59:48.004Z] Fetching LeetCode data for: neal_wu
[2026-01-13T17:59:49.204Z] Sending response to frontend
[2026-01-13T18:00:09.780Z] Received request: CF=, CC=, LC=Shubham_Jee_Shrivastava
[2026-01-13T18:00:09.781Z] Fetching LeetCode data for: Shubham_Jee_Shrivastava
[2026-01-13T18:00:10.819Z] Sending response to frontend
[2026-01-13T18:00:49.588Z] Received request: CF=, CC=, LC=ds
[2026-01-13T18:00:49.589Z] Fetching LeetCode data for: ds
[2026-01-13T18:00:50.617Z] Sending response to frontend
[2026-01-13T18:00:56.270Z] Received request: CF=, CC=, LC=shubhamjee
[2026-01-13T18:00:56.270Z] Fetching LeetCode data for: shubhamjee
[2026-01-13T18:00:57.064Z] Sending response to frontend
[2026-01-13T18:01:07.252Z] Received request: CF=, CC=, LC=Shubham_Jee_Shrivastava
[2026-01-13T18:01:07.252Z] Fetching LeetCode data for: Shubham_Jee_Shrivastava
[2026-01-13T18:01:08.768Z] Sending response to frontend
[2026-01-13T18:01:18.968Z] Received request: CF=shubhamjee, CC=shubhamjee, LC=Shubham_Jee_Shrivastava
[2026-01-13T18:01:18.969Z] Fetching Codeforces data for: shubhamjee
[2026-01-13T18:01:21.633Z] Fetching CodeChef data for: shubhamjee
[2026-01-13T18:01:21.634Z] Spawning python cc_scraper.py for shubhamjee
[2026-01-13T18:01:24.104Z] Python process exited with code 0
[2026-01-13T18:01:24.104Z] Python Output Preview: {
  "status": "success",
  "handle": "shubhamjee",
  "rating": 1781,
  "maxRating": 1810,
  "st...
[2026-01-13T18:01:24.105Z] Successfully parsed JSON
[2026-01-13T18:01:24.105Z] Fetching LeetCode data for: Shubham_Jee_Shrivastava
[2026-01-13T18:01:24.724Z] Sending response to frontend
[2026-01-13T18:01:49.339Z] Received request: CF=shubhamjee, CC=shubhamjee, LC=Shubham_Jee_Shrivastava
[2026-01-13T18:01:49.340Z] Fetching Codeforces data for: shubhamjee
[2026-01-13T18:01:51.317Z] Fetching CodeChef data for: shubhamjee
[2026-01-13T18:01:51.318Z] Spawning python cc_scraper.py for shubhamjee
[2026-01-13T18:01:53.635Z] Python process exited with code 0
[2026-01-13T18:01:53.636Z] Python Output Preview: {
  "status": "success",
  "handle": "shubhamjee",
  "rating": 1781,
  "maxRating": 1810,
  "st...
[2026-01-13T18:01:53.637Z] Successfully parsed JSON
[2026-01-13T18:01:53.637Z] Fetching LeetCode data for: Shubham_Jee_Shrivastava
[2026-01-13T18:01:54.278Z] Sending response to frontend
[2026-01-13T18:11:51.312Z] Received request: CF=shubhamjee, CC=shubhamjee, LC=Shubham_Jee_Shrivastava
[2026-01-13T18:11:51.313Z] Fetching Codeforces data for: shubhamjee
[2026-01-13T18:11:52.765Z] Fetching CodeChef data for: shubhamjee
[2026-01-13T18:11:52.765Z] Spawning python cc_scraper.py for shubhamjee
[2026-01-13T18:11:54.750Z] Python process exited with code 0
[2026-01-13T18:11:54.751Z] Python Output Preview: {
  "status": "success",
  "handle": "shubhamjee",
  "rating": 1781,
  "maxRating": 1810,
  "st...
[2026-01-13T18:11:54.752Z] Successfully parsed JSON
[2026-01-13T18:11:54.752Z] Fetching LeetCode data for: Shubham_Jee_Shrivastava
[2026-01-13T18:11:55.405Z] Sending response to frontend
